
Log Server Started

Log Server Started

Log Server Started

Log Server Started

Log Server Started

Log Server Started

Log Server Started

Log Server Started

Log Server Started

Log Server Started

Log Server Started

Log Server Started

Log Server Started

Log Server Started

Log Server Started

Log Server Started

Log Server Started

Log Server Started

Log Server Started

Log Server Started

Log Server Started
2015/07/29 19:42:16: stockexchange.exchange.ExchangeWSPublisher :: Starting Exchange webservices...
2015/07/29 19:42:16: stockexchange.exchange.ExchangeWSPublisher :: 	Webservice started at: http://localhost:8888/WS/TSX
2015/07/29 19:42:16: stockexchange.exchange.ExchangeWSPublisher :: 	Webservice started at: http://localhost:8888/WS/NASDAQ
2015/07/29 19:42:17: business.Business ::   Price set: GOOG/COMMON = 631.93
2015/07/29 19:42:18: business.Business ::   Price set: GOOG/CONVERTIBLE = 631.93
2015/07/29 19:42:18: business.Business ::   Price set: GOOG/PREFERRED = 631.93
2015/07/29 19:42:18: business.Business :: Business GOOG object created.
2015/07/29 19:42:19: business.Business ::   Price set: YHOO/COMMON = 37.67
2015/07/29 19:42:19: business.Business ::   Price set: YHOO/CONVERTIBLE = 37.67
2015/07/29 19:42:19: business.Business ::   Price set: YHOO/PREFERRED = 37.67
2015/07/29 19:42:19: business.Business :: Business YHOO object created.
2015/07/29 19:42:19: business.Business ::   Price set: AAPL/COMMON = 122.99
2015/07/29 19:42:20: business.Business ::   Price set: AAPL/CONVERTIBLE = 122.99
2015/07/29 19:42:20: business.Business ::   Price set: AAPL/PREFERRED = 122.99
2015/07/29 19:42:20: business.Business :: Business AAPL object created.
2015/07/29 19:42:21: business.Business ::   Price set: MSFT/COMMON = 46.29
2015/07/29 19:42:21: business.Business ::   Price set: MSFT/CONVERTIBLE = 46.29
2015/07/29 19:42:21: business.Business ::   Price set: MSFT/PREFERRED = 46.29
2015/07/29 19:42:21: business.Business :: Business MSFT object created.
2015/07/29 19:42:21: business.BusinessWSPublisher :: Starting Business webservices...
2015/07/29 19:42:22: business.BusinessWSPublisher :: 	Webservice started at: http://localhost:18001/WS/AAPL
2015/07/29 19:42:22: business.BusinessWSPublisher :: 	Webservice started at: http://localhost:18001/WS/YHOO
2015/07/29 19:42:22: business.BusinessWSPublisher :: 	Webservice started at: http://localhost:18001/WS/GOOG
2015/07/29 19:42:22: business.BusinessWSPublisher :: 	Webservice started at: http://localhost:18001/WS/MSFT
2015/07/29 19:42:22: business.BusinessWSPublisher :: Registering AAPL with exchange TSX...
2015/07/29 19:42:22: stockexchange.exchange.Exchange :: Registered AAPL with price 122.99
2015/07/29 19:42:22: business.Business :: AAPL successfully issued 1000 shares of AAPL COMMON (order #1101)
2015/07/29 19:42:22: stockexchange.exchange.Exchange :: Successfully added 1000 shares of AAPL
2015/07/29 19:42:22: business.BusinessWSPublisher :: Registered AAPL with exchange at 122.99
2015/07/29 19:42:22: business.BusinessWSPublisher :: Registering YHOO with exchange NASDAQ...
2015/07/29 19:42:22: stockexchange.exchange.Exchange :: Registered YHOO with price 37.67
2015/07/29 19:42:22: business.Business :: YHOO successfully issued 1000 shares of YHOO COMMON (order #1102)
2015/07/29 19:42:22: stockexchange.exchange.Exchange :: Successfully added 1000 shares of YHOO
2015/07/29 19:42:22: business.BusinessWSPublisher :: Registered YHOO with exchange at 37.67
2015/07/29 19:42:22: business.BusinessWSPublisher :: Registering GOOG with exchange TSX...
2015/07/29 19:42:22: stockexchange.exchange.Exchange :: Registered GOOG with price 631.93
2015/07/29 19:42:22: business.Business :: GOOG successfully issued 1000 shares of GOOG COMMON (order #1103)
2015/07/29 19:42:22: stockexchange.exchange.Exchange :: Successfully added 1000 shares of GOOG
2015/07/29 19:42:22: business.BusinessWSPublisher :: Registered GOOG with exchange at 631.93
2015/07/29 19:42:22: business.BusinessWSPublisher :: Registering MSFT with exchange NASDAQ...
2015/07/29 19:42:22: stockexchange.exchange.Exchange :: Registered MSFT with price 46.29
2015/07/29 19:42:22: business.Business :: MSFT successfully issued 1000 shares of MSFT COMMON (order #1104)
2015/07/29 19:42:22: stockexchange.exchange.Exchange :: Successfully added 1000 shares of MSFT
2015/07/29 19:42:22: business.BusinessWSPublisher :: Registered MSFT with exchange at 46.29
2015/07/29 19:42:23: business.BusinessWSPublisher :: Unregistered a stock.
2015/07/29 19:42:23: business.BusinessWSPublisher :: Unregistered a stock.
2015/07/29 19:42:23: business.BusinessWSPublisher :: Unregistered a stock.
2015/07/29 19:42:23: business.BusinessWSPublisher :: Unregistered a stock.
2015/07/29 19:42:23: business.BusinessWSPublisher :: Stopped a webservice.
2015/07/29 19:42:23: business.BusinessWSPublisher :: Stopped a webservice.
2015/07/29 19:42:23: business.BusinessWSPublisher :: Stopped a webservice.
2015/07/29 19:42:23: business.BusinessWSPublisher :: Stopped a webservice.
2015/07/29 19:42:23: stockexchange.exchange.ExchangeWSPublisher :: Starting Exchange webservices...
2015/07/29 19:42:23: stockexchange.exchange.ExchangeWSPublisher :: 	Failed to start webservice at: http://localhost:8888/WS/TSXcom.sun.xml.internal.ws.server.ServerRtException: Server Runtime Error: java.lang.IllegalArgumentException: Context with URL path /WS/TSX already exists on the server /127.0.0.1:8888
2015/07/29 19:42:23: stockexchange.exchange.ExchangeWSPublisher :: 	Failed to start webservice at: http://localhost:8888/WS/NASDAQcom.sun.xml.internal.ws.server.ServerRtException: Server Runtime Error: java.lang.IllegalArgumentException: Context with URL path /WS/NASDAQ already exists on the server /127.0.0.1:8888
2015/07/29 19:42:24: business.Business ::   Price set: GOOG/COMMON = 631.93
2015/07/29 19:42:25: business.Business ::   Price set: GOOG/CONVERTIBLE = 631.93
2015/07/29 19:42:26: business.Business ::   Price set: GOOG/PREFERRED = 631.93
2015/07/29 19:42:26: business.Business :: Business GOOG object created.
2015/07/29 19:42:26: business.Business ::   Price set: YHOO/COMMON = 37.67
2015/07/29 19:42:26: business.Business ::   Price set: YHOO/CONVERTIBLE = 37.67
2015/07/29 19:42:26: business.Business ::   Price set: YHOO/PREFERRED = 37.67
2015/07/29 19:42:26: business.Business :: Business YHOO object created.
2015/07/29 19:42:26: business.Business ::   Price set: AAPL/COMMON = 122.99
2015/07/29 19:42:27: business.Business ::   Price set: AAPL/CONVERTIBLE = 122.99
2015/07/29 19:42:27: business.Business ::   Price set: AAPL/PREFERRED = 122.99
2015/07/29 19:42:27: business.Business :: Business AAPL object created.
2015/07/29 19:42:28: business.Business ::   Price set: MSFT/COMMON = 46.29
2015/07/29 19:42:28: business.Business ::   Price set: MSFT/CONVERTIBLE = 46.29
2015/07/29 19:42:28: business.Business ::   Price set: MSFT/PREFERRED = 46.29
2015/07/29 19:42:28: business.Business :: Business MSFT object created.
2015/07/29 19:42:28: business.BusinessWSPublisher :: Starting Business webservices...
2015/07/29 19:42:28: business.BusinessWSPublisher :: 	Webservice started at: http://localhost:18001/WS/AAPL
2015/07/29 19:42:28: business.BusinessWSPublisher :: 	Webservice started at: http://localhost:18001/WS/YHOO
2015/07/29 19:42:28: business.BusinessWSPublisher :: 	Webservice started at: http://localhost:18001/WS/GOOG
2015/07/29 19:42:28: business.BusinessWSPublisher :: 	Webservice started at: http://localhost:18001/WS/MSFT
2015/07/29 19:42:28: business.BusinessWSPublisher :: Registering AAPL with exchange TSX...
2015/07/29 19:42:28: stockexchange.exchange.Exchange :: Registered AAPL with price 122.99
2015/07/29 19:42:28: business.Business :: AAPL successfully issued 1000 shares of AAPL COMMON (order #1105)
2015/07/29 19:42:28: stockexchange.exchange.Exchange :: Successfully added 1000 shares of AAPL
2015/07/29 19:42:28: business.BusinessWSPublisher :: Registered AAPL with exchange at 122.99
2015/07/29 19:42:28: business.BusinessWSPublisher :: Registering YHOO with exchange NASDAQ...
2015/07/29 19:42:28: stockexchange.exchange.Exchange :: Registered YHOO with price 37.67
2015/07/29 19:42:28: business.Business :: YHOO successfully issued 1000 shares of YHOO COMMON (order #1106)
2015/07/29 19:42:28: stockexchange.exchange.Exchange :: Successfully added 1000 shares of YHOO
2015/07/29 19:42:28: business.BusinessWSPublisher :: Registered YHOO with exchange at 37.67
2015/07/29 19:42:28: business.BusinessWSPublisher :: Registering GOOG with exchange TSX...
2015/07/29 19:42:28: stockexchange.exchange.Exchange :: Registered GOOG with price 631.93
2015/07/29 19:42:28: business.Business :: GOOG successfully issued 1000 shares of GOOG COMMON (order #1107)
2015/07/29 19:42:28: stockexchange.exchange.Exchange :: Successfully added 1000 shares of GOOG
2015/07/29 19:42:28: business.BusinessWSPublisher :: Registered GOOG with exchange at 631.93
2015/07/29 19:42:28: business.BusinessWSPublisher :: Registering MSFT with exchange NASDAQ...
2015/07/29 19:42:29: stockexchange.exchange.Exchange :: Registered MSFT with price 46.29
2015/07/29 19:42:29: business.Business :: MSFT successfully issued 1000 shares of MSFT COMMON (order #1108)
2015/07/29 19:42:29: stockexchange.exchange.Exchange :: Successfully added 1000 shares of MSFT
2015/07/29 19:42:29: business.BusinessWSPublisher :: Registered MSFT with exchange at 46.29
2015/07/29 19:42:29: business.BusinessWSPublisher :: Unregistered a stock.
2015/07/29 19:42:29: business.BusinessWSPublisher :: Unregistered a stock.
2015/07/29 19:42:29: business.BusinessWSPublisher :: Unregistered a stock.
2015/07/29 19:42:29: business.BusinessWSPublisher :: Unregistered a stock.
2015/07/29 19:42:29: business.BusinessWSPublisher :: Stopped a webservice.
2015/07/29 19:42:29: business.BusinessWSPublisher :: Stopped a webservice.
2015/07/29 19:42:29: business.BusinessWSPublisher :: Stopped a webservice.
2015/07/29 19:42:29: business.BusinessWSPublisher :: Stopped a webservice.
2015/07/29 19:42:29: stockexchange.exchange.ExchangeWSPublisher :: Starting Exchange webservices...
2015/07/29 19:42:29: stockexchange.exchange.ExchangeWSPublisher :: 	Failed to start webservice at: http://localhost:8888/WS/TSXcom.sun.xml.internal.ws.server.ServerRtException: Server Runtime Error: java.lang.IllegalArgumentException: Context with URL path /WS/TSX already exists on the server /127.0.0.1:8888
2015/07/29 19:42:29: stockexchange.exchange.ExchangeWSPublisher :: 	Failed to start webservice at: http://localhost:8888/WS/NASDAQcom.sun.xml.internal.ws.server.ServerRtException: Server Runtime Error: java.lang.IllegalArgumentException: Context with URL path /WS/NASDAQ already exists on the server /127.0.0.1:8888
2015/07/29 19:42:30: business.Business ::   Price set: GOOG/COMMON = 631.93
2015/07/29 19:42:30: business.Business ::   Price set: GOOG/CONVERTIBLE = 631.93
2015/07/29 19:42:30: business.Business ::   Price set: GOOG/PREFERRED = 631.93
2015/07/29 19:42:30: business.Business :: Business GOOG object created.
2015/07/29 19:42:31: business.Business ::   Price set: YHOO/COMMON = 37.67
2015/07/29 19:42:32: business.Business ::   Price set: YHOO/CONVERTIBLE = 37.67
2015/07/29 19:42:32: business.Business ::   Price set: YHOO/PREFERRED = 37.67
2015/07/29 19:42:32: business.Business :: Business YHOO object created.
2015/07/29 19:42:32: business.Business ::   Price set: AAPL/COMMON = 122.99
2015/07/29 19:42:32: business.Business ::   Price set: AAPL/CONVERTIBLE = 122.99
2015/07/29 19:42:33: business.Business ::   Price set: AAPL/PREFERRED = 122.99
2015/07/29 19:42:33: business.Business :: Business AAPL object created.
2015/07/29 19:42:33: business.Business ::   Price set: MSFT/COMMON = 46.29
2015/07/29 19:42:33: business.Business ::   Price set: MSFT/CONVERTIBLE = 46.29
2015/07/29 19:42:33: business.Business ::   Price set: MSFT/PREFERRED = 46.29
2015/07/29 19:42:33: business.Business :: Business MSFT object created.
2015/07/29 19:42:33: business.BusinessWSPublisher :: Starting Business webservices...
2015/07/29 19:42:33: business.BusinessWSPublisher :: 	Webservice started at: http://localhost:18001/WS/AAPL
2015/07/29 19:42:33: business.BusinessWSPublisher :: 	Webservice started at: http://localhost:18001/WS/YHOO
2015/07/29 19:42:33: business.BusinessWSPublisher :: 	Webservice started at: http://localhost:18001/WS/GOOG
2015/07/29 19:42:33: business.BusinessWSPublisher :: 	Webservice started at: http://localhost:18001/WS/MSFT
2015/07/29 19:42:34: business.BusinessWSPublisher :: Registering AAPL with exchange TSX...
2015/07/29 19:42:34: stockexchange.exchange.Exchange :: Registered AAPL with price 122.99
2015/07/29 19:42:34: business.Business :: AAPL successfully issued 1000 shares of AAPL COMMON (order #1109)
2015/07/29 19:42:34: stockexchange.exchange.Exchange :: Successfully added 1000 shares of AAPL
2015/07/29 19:42:34: business.BusinessWSPublisher :: Registered AAPL with exchange at 122.99
2015/07/29 19:42:34: business.BusinessWSPublisher :: Registering YHOO with exchange NASDAQ...
2015/07/29 19:42:34: stockexchange.exchange.Exchange :: Registered YHOO with price 37.67
2015/07/29 19:42:34: business.Business :: YHOO successfully issued 1000 shares of YHOO COMMON (order #1110)
2015/07/29 19:42:34: stockexchange.exchange.Exchange :: Successfully added 1000 shares of YHOO
2015/07/29 19:42:34: business.BusinessWSPublisher :: Registered YHOO with exchange at 37.67
2015/07/29 19:42:34: business.BusinessWSPublisher :: Registering GOOG with exchange TSX...
2015/07/29 19:42:34: stockexchange.exchange.Exchange :: Registered GOOG with price 631.93
2015/07/29 19:42:34: business.Business :: GOOG successfully issued 1000 shares of GOOG COMMON (order #1111)
2015/07/29 19:42:34: stockexchange.exchange.Exchange :: Successfully added 1000 shares of GOOG
2015/07/29 19:42:34: business.BusinessWSPublisher :: Registered GOOG with exchange at 631.93
2015/07/29 19:42:34: business.BusinessWSPublisher :: Registering MSFT with exchange NASDAQ...
2015/07/29 19:42:34: stockexchange.exchange.Exchange :: Registered MSFT with price 46.29
2015/07/29 19:42:34: business.Business :: MSFT successfully issued 1000 shares of MSFT COMMON (order #1112)
2015/07/29 19:42:34: stockexchange.exchange.Exchange :: Successfully added 1000 shares of MSFT
2015/07/29 19:42:34: business.BusinessWSPublisher :: Registered MSFT with exchange at 46.29
2015/07/29 19:42:34: WebServices.Rest :: ERROR reading JSON response in REST
2015/07/29 19:42:34: business.BusinessWSPublisher :: Unregistered a stock.
2015/07/29 19:42:34: business.BusinessWSPublisher :: Unregistered a stock.
2015/07/29 19:42:34: business.BusinessWSPublisher :: Unregistered a stock.
2015/07/29 19:42:34: business.BusinessWSPublisher :: Unregistered a stock.
2015/07/29 19:42:34: business.BusinessWSPublisher :: Stopped a webservice.
2015/07/29 19:42:34: business.BusinessWSPublisher :: Stopped a webservice.
2015/07/29 19:42:34: business.BusinessWSPublisher :: Stopped a webservice.
2015/07/29 19:42:34: business.BusinessWSPublisher :: Stopped a webservice.
2015/07/29 19:42:35: business.Business ::   Price set: GOOG/COMMON = 631.93
2015/07/29 19:42:35: business.Business ::   Price set: GOOG/CONVERTIBLE = 631.93
2015/07/29 19:42:35: business.Business ::   Price set: GOOG/PREFERRED = 631.93
2015/07/29 19:42:35: business.Business :: Business GOOG object created.
2015/07/29 19:42:35: business.BusinessWSPublisher :: Starting Business webservices...
2015/07/29 19:42:35: business.BusinessWSPublisher :: 	Webservice started at: http://localhost:18001/WS/GOOG
2015/07/29 19:42:35: business.BusinessWSPublisher :: Registering GOOG with exchange TSX...
2015/07/29 19:42:35: stockexchange.exchange.Exchange :: Registered GOOG with price 631.93
2015/07/29 19:42:35: business.Business :: GOOG successfully issued 1000 shares of GOOG COMMON (order #1113)
2015/07/29 19:42:35: stockexchange.exchange.Exchange :: Successfully added 1000 shares of GOOG
2015/07/29 19:42:35: business.BusinessWSPublisher :: Registered GOOG with exchange at 631.93
2015/07/29 19:42:35: business.Business :: GOOG successfully issued 100 shares of GOOG COMMON (order #2015-07-29T19:42:35.625)
2015/07/29 19:42:35: business.Business :: Payment to business for order 2015-07-29T19:42:35.625 successful.
2015/07/29 19:42:35: business.BusinessWSPublisher :: Unregistered a stock.
2015/07/29 19:42:35: business.BusinessWSPublisher :: Stopped a webservice.
2015/07/29 19:42:35: common.logger.LoggerTest :: Test 65
2015/07/29 19:42:35: common.logger.LoggerTest :: 	5166nf1sje8i7g136qjtlr97ep - Time started!
2015/07/29 19:42:36: common.logger.LoggerTest :: 	5166nf1sje8i7g136qjtlr97ep - Time stopped!  Total time is: 1001 ms.
2015/07/29 19:42:37: business.Business ::   Price set: GOOG/COMMON = 631.93
2015/07/29 19:42:37: business.Business ::   Price set: GOOG/CONVERTIBLE = 631.93
2015/07/29 19:42:37: business.Business ::   Price set: GOOG/PREFERRED = 631.93
2015/07/29 19:42:37: business.Business :: Business GOOG object created.
2015/07/29 19:42:37: business.Business :: GOOG failed to issue shares of GOOG COMMON: The order number 4 already exists
2015/07/29 19:42:37: business.Business :: GOOG successfully issued 150 shares of GOOG COMMON (order #4)
2015/07/29 19:42:37: business.Business ::   Price set: GOOG/COMMON = 631.93
2015/07/29 19:42:37: business.Business ::   Price set: GOOG/CONVERTIBLE = 631.93
2015/07/29 19:42:38: business.Business ::   Price set: GOOG/PREFERRED = 631.93
2015/07/29 19:42:38: business.Business :: Business GOOG object created.
2015/07/29 19:42:38: business.Business ::   Price set: MSFT/COMMON = 46.29
2015/07/29 19:42:38: business.Business ::   Price set: MSFT/CONVERTIBLE = 46.29
2015/07/29 19:42:39: business.Business :: Business MSFT object created.
2015/07/29 19:42:39: business.Business ::   Price set: MSFT/PREFERRED = 46.29
2015/07/29 19:42:39: business.Business ::   Price set: YHOO/COMMON = 37.67
2015/07/29 19:42:39: business.Business ::   Price set: YHOO/CONVERTIBLE = 37.67
2015/07/29 19:42:39: business.Business ::   Price set: YHOO/PREFERRED = 37.67
2015/07/29 19:42:39: business.Business :: Business YHOO object created.
2015/07/29 19:42:39: business.Business ::   Price set: AAPL/COMMON = 122.99
2015/07/29 19:42:40: business.Business ::   Price set: AAPL/CONVERTIBLE = 122.99
2015/07/29 19:42:40: business.Business ::   Price set: AAPL/PREFERRED = 122.99
2015/07/29 19:42:40: business.Business :: Business AAPL object created.
2015/07/29 19:42:40: business.Business ::   Price set: GOOG/COMMON = 631.93
2015/07/29 19:42:40: business.Business ::   Price set: GOOG/CONVERTIBLE = 631.93
2015/07/29 19:42:41: business.Business ::   Price set: GOOG/PREFERRED = 631.93
2015/07/29 19:42:41: business.Business :: Business GOOG object created.
2015/07/29 19:42:41: business.Business ::   Price set: GOOG/COMMON = 631.93
2015/07/29 19:42:41: business.Business ::   Price set: GOOG/CONVERTIBLE = 631.93
2015/07/29 19:42:42: business.Business ::   Price set: GOOG/PREFERRED = 631.93
2015/07/29 19:42:42: business.Business :: Business GOOG object created.
2015/07/29 19:42:42: business.Business ::   Price set: GOOG/COMMON = 631.93
2015/07/29 19:42:42: business.Business ::   Price set: GOOG/CONVERTIBLE = 631.93
2015/07/29 19:42:42: business.Business ::   Price set: GOOG/PREFERRED = 631.93
2015/07/29 19:42:42: business.Business :: Business GOOG object created.
2015/07/29 19:42:42: business.Business :: GOOG failed to issue shares of GOOG CONVERTIBLE: Invalid number of shares requested (order #3)
2015/07/29 19:42:42: business.Business ::   Price set: GOOG/COMMON = 631.93
2015/07/29 19:42:43: business.Business ::   Price set: GOOG/CONVERTIBLE = 631.93
2015/07/29 19:42:43: business.Business ::   Price set: GOOG/PREFERRED = 631.93
2015/07/29 19:42:43: business.Business :: Business GOOG object created.
2015/07/29 19:42:43: business.Business :: GOOG failed to issue shares of GOOG CONVERTIBLE: Order price 0.0 is less than minimum issue price 631.93 (order #2)
2015/07/29 19:42:43: business.Business ::   Price set: GOOG/COMMON = 631.93
2015/07/29 19:42:43: business.Business ::   Price set: GOOG/CONVERTIBLE = 631.93
2015/07/29 19:42:43: business.Business ::   Price set: GOOG/PREFERRED = 631.93
2015/07/29 19:42:43: business.Business :: Business GOOG object created.
2015/07/29 19:42:43: business.Business :: GOOG successfully issued 150 shares of GOOG COMMON (order #1)
2015/07/29 19:42:44: business.Business ::   Price set: GOOG/COMMON = 631.93
2015/07/29 19:42:44: business.Business ::   Price set: GOOG/CONVERTIBLE = 631.93
2015/07/29 19:42:44: business.Business ::   Price set: GOOG/PREFERRED = 631.93
2015/07/29 19:42:44: business.Business :: Business GOOG object created.
2015/07/29 19:42:44: business.Business ::   Price set: GOOG/COMMON = 631.93
2015/07/29 19:42:45: business.Business ::   Price set: GOOG/CONVERTIBLE = 631.93
2015/07/29 19:42:45: business.Business ::   Price set: GOOG/PREFERRED = 631.93
2015/07/29 19:42:45: business.Business :: Business GOOG object created.
2015/07/29 19:42:45: stockexchange.exchange.Exchange :: Registered GOOG with price 10000.0
2015/07/29 19:42:45: business.Business ::   Price set: AAPL/COMMON = 122.99
2015/07/29 19:42:46: business.Business ::   Price set: AAPL/CONVERTIBLE = 122.99
2015/07/29 19:42:46: business.Business ::   Price set: AAPL/PREFERRED = 122.99
2015/07/29 19:42:46: business.Business :: Business AAPL object created.
2015/07/29 19:42:46: stockexchange.exchange.Exchange :: Registered AAPL with price 10000.0
2015/07/29 19:42:46: business.Business ::   Price set: YHOO/COMMON = 37.67
2015/07/29 19:42:47: business.Business ::   Price set: YHOO/CONVERTIBLE = 37.67
2015/07/29 19:42:47: business.Business ::   Price set: YHOO/PREFERRED = 37.67
2015/07/29 19:42:47: business.Business :: Business YHOO object created.
2015/07/29 19:42:47: stockexchange.exchange.Exchange :: Registered YHOO with price 10000.0
2015/07/29 19:42:47: business.Business ::   Price set: MSFT/COMMON = 46.29
2015/07/29 19:42:48: business.Business ::   Price set: MSFT/CONVERTIBLE = 46.29
2015/07/29 19:42:48: business.Business ::   Price set: MSFT/PREFERRED = 46.29
2015/07/29 19:42:48: business.Business :: Business MSFT object created.
2015/07/29 19:42:48: stockexchange.exchange.Exchange :: Registered MSFT with price 10000.0
2015/07/29 19:42:48: business.Business ::   Price set: GOOG/COMMON = 631.93
2015/07/29 19:42:49: business.Business ::   Price set: GOOG/CONVERTIBLE = 631.93
2015/07/29 19:42:49: business.Business ::   Price set: GOOG/PREFERRED = 631.93
2015/07/29 19:42:49: business.Business :: Business GOOG object created.
2015/07/29 19:42:49: stockexchange.exchange.Exchange :: Registered GOOG with price 10000.0
2015/07/29 19:42:50: business.Business ::   Price set: AAPL/COMMON = 122.99
2015/07/29 19:42:50: business.Business ::   Price set: AAPL/CONVERTIBLE = 122.99
2015/07/29 19:42:50: business.Business ::   Price set: AAPL/PREFERRED = 122.99
2015/07/29 19:42:50: business.Business :: Business AAPL object created.
2015/07/29 19:42:50: stockexchange.exchange.Exchange :: Registered AAPL with price 10000.0
2015/07/29 19:42:50: business.Business ::   Price set: YHOO/COMMON = 37.67
2015/07/29 19:42:50: business.Business ::   Price set: YHOO/CONVERTIBLE = 37.67
2015/07/29 19:42:50: business.Business ::   Price set: YHOO/PREFERRED = 37.67
2015/07/29 19:42:50: business.Business :: Business YHOO object created.
2015/07/29 19:42:50: stockexchange.exchange.Exchange :: Registered YHOO with price 10000.0
2015/07/29 19:42:51: business.Business ::   Price set: MSFT/COMMON = 46.29
2015/07/29 19:42:51: business.Business ::   Price set: MSFT/CONVERTIBLE = 46.29
2015/07/29 19:42:51: business.Business ::   Price set: MSFT/PREFERRED = 46.29
2015/07/29 19:42:51: business.Business :: Business MSFT object created.
2015/07/29 19:42:51: stockexchange.exchange.Exchange :: Registered MSFT with price 10000.0
2015/07/29 19:42:51: business.Business ::   Price set: GOOG/COMMON = 631.93
2015/07/29 19:42:52: business.Business ::   Price set: GOOG/CONVERTIBLE = 631.93
2015/07/29 19:42:52: business.Business ::   Price set: GOOG/PREFERRED = 631.93
2015/07/29 19:42:52: business.Business :: Business GOOG object created.
2015/07/29 19:42:52: stockexchange.exchange.Exchange :: Registered GOOG with price 10000.0
2015/07/29 19:42:52: business.Business ::   Price set: AAPL/COMMON = 122.99
2015/07/29 19:42:52: business.Business ::   Price set: AAPL/CONVERTIBLE = 122.99
2015/07/29 19:42:52: business.Business ::   Price set: AAPL/PREFERRED = 122.99
2015/07/29 19:42:52: business.Business :: Business AAPL object created.
2015/07/29 19:42:52: stockexchange.exchange.Exchange :: Registered AAPL with price 10000.0
2015/07/29 19:42:53: business.Business ::   Price set: YHOO/COMMON = 37.67
2015/07/29 19:42:53: business.Business ::   Price set: YHOO/CONVERTIBLE = 37.67
2015/07/29 19:42:53: business.Business ::   Price set: YHOO/PREFERRED = 37.67
2015/07/29 19:42:53: business.Business :: Business YHOO object created.
2015/07/29 19:42:53: stockexchange.exchange.Exchange :: Registered YHOO with price 10000.0
2015/07/29 19:42:53: business.Business ::   Price set: MSFT/COMMON = 46.29
2015/07/29 19:42:54: business.Business ::   Price set: MSFT/CONVERTIBLE = 46.29
